build/app/intermediates/manifest_merge_blame_file/release/manifest-merger-blame-release-report.txt
1<?xml version="1.0" encoding="utf-8"?>
2<manifest xmlns:android="http://schemas.android.com/apk/res/android"
3    package="com.liveasy.transport"
4    android:installLocation="auto"
5    android:versionCode="105"
6    android:versionName="1.0.5" >
7
8    <uses-sdk
9        android:minSdkVersion="20"
9-->src\main\AndroidManifest.xml
10        android:targetSdkVersion="30" />
10-->src\main\AndroidManifest.xml
11
12    <uses-permission android:name="android.permission.INTERNET" />
12-->src\main\AndroidManifest.xml:8:5-67
12-->src\main\AndroidManifest.xml:8:22-64
13    <uses-permission android:name="android.permission.ACCESS_COARSE_LOCATION" />
13-->src\main\AndroidManifest.xml:9:5-81
13-->src\main\AndroidManifest.xml:9:22-78
14    <uses-permission android:name="android.permission.ACCESS_FINE_LOCATION" />
14-->src\main\AndroidManifest.xml:10:5-79
14-->src\main\AndroidManifest.xml:10:22-76
15    <uses-permission android:name="android.permission.READ_CONTACTS" />
15-->src\main\AndroidManifest.xml:11:5-72
15-->src\main\AndroidManifest.xml:11:22-69
16    <uses-permission android:name="android.permission.WRITE_CONTACTS" />
16-->src\main\AndroidManifest.xml:12:5-73
16-->src\main\AndroidManifest.xml:12:22-70
17    <uses-permission android:name="android.permission.GET_ACCOUNTS" />
17-->src\main\AndroidManifest.xml:13:5-71
17-->src\main\AndroidManifest.xml:13:22-68
18    <uses-permission android:name="android.permission.CAMERA" />
18-->src\main\AndroidManifest.xml:14:5-65
18-->src\main\AndroidManifest.xml:14:22-62
19    <uses-permission android:name="android.permission.WAKE_LOCK" />
19-->[:firebase_messaging] AndroidManifest.xml:8:5-68
19-->[:firebase_messaging] AndroidManifest.xml:8:22-65
20    <uses-permission android:name="android.permission.ACCESS_NETWORK_STATE" />
20-->[:firebase_messaging] AndroidManifest.xml:9:5-79
20-->[:firebase_messaging] AndroidManifest.xml:9:22-76
21
22    <queries>
22-->[:contacts_service] AndroidManifest.xml:11:5-24:15
23        <intent>
23-->[:contacts_service] AndroidManifest.xml:12:9-14:18
24            <action android:name="android.accounts.AccountAuthenticator" />
24-->[:contacts_service] AndroidManifest.xml:13:13-76
24-->[:contacts_service] AndroidManifest.xml:13:21-73
25        </intent>
26        <!-- Allows the app to load an icon corresponding to the custom MIME type. -->
27        <intent>
27-->[:contacts_service] AndroidManifest.xml:16:9-23:18
28            <action android:name="android.intent.action.VIEW" />
28-->[:contacts_service] AndroidManifest.xml:17:13-65
28-->[:contacts_service] AndroidManifest.xml:17:21-62
29
30            <data
30-->[:contacts_service] AndroidManifest.xml:19:13-22:44
31                android:host="com.android.contacts"
31-->[:contacts_service] AndroidManifest.xml:20:17-52
32                android:mimeType="vnd.android.cursor.item/*"
32-->[:contacts_service] AndroidManifest.xml:21:17-61
33                android:scheme="content" />
33-->[:contacts_service] AndroidManifest.xml:22:17-41
34        </intent>
35    </queries> <!-- Required by older versions of Google Play services to create IID tokens -->
36    <uses-permission android:name="com.google.android.c2dm.permission.RECEIVE" />
36-->[com.google.firebase:firebase-messaging:22.0.0] AndroidManifest.xml:25:5-82
36-->[com.google.firebase:firebase-messaging:22.0.0] AndroidManifest.xml:25:22-79
37    <uses-permission android:name="com.google.android.finsky.permission.BIND_GET_INSTALL_REFERRER_SERVICE" />
37-->[com.google.android.gms:play-services-measurement:19.0.0] AndroidManifest.xml:26:5-110
37-->[com.google.android.gms:play-services-measurement:19.0.0] AndroidManifest.xml:26:22-107
38
39    <uses-feature
39-->[com.google.android.gms:play-services-maps:17.0.0] AndroidManifest.xml:26:5-28:35
40        android:glEsVersion="0x00020000"
40-->[com.google.android.gms:play-services-maps:17.0.0] AndroidManifest.xml:27:9-41
41        android:required="true" />
41-->[com.google.android.gms:play-services-maps:17.0.0] AndroidManifest.xml:28:9-32
42
43    <application
43-->src\main\AndroidManifest.xml:16:5-64:19
44        android:name="androidx.multidex.MultiDexApplication"
45        android:appComponentFactory="androidx.core.app.CoreComponentFactory"
45-->[androidx.core:core:1.2.0] AndroidManifest.xml:24:18-86
46        android:icon="@mipmap/ic_launcher"
46-->src\main\AndroidManifest.xml:17:9-43
47        android:label="liveasy" >
47-->src\main\AndroidManifest.xml:18:9-32
48
49        <!-- <provider -->
50        <!-- android:name="androidx.core.content.FileProvider" -->
51        <!-- android:authorities="${applicationId}.com.shekarmudaliyar.social_share" -->
52        <!-- android:exported="false" -->
53        <!-- android:grantUriPermissions="true" -->
54        <!-- tools:replace="android:authorities"> -->
55        <!-- <meta-data -->
56        <!-- android:name="android.support.FILE_PROVIDER_PATHS" -->
57        <!-- android:resource="@xml/filepaths" /> -->
58        <!-- </provider> -->
59        <activity
59-->src\main\AndroidManifest.xml:29:9-55:20
60            android:name="com.liveasy.transport.MainActivity"
60-->src\main\AndroidManifest.xml:30:13-41
61            android:configChanges="orientation|keyboardHidden|keyboard|screenSize|smallestScreenSize|locale|layoutDirection|fontScale|screenLayout|density|uiMode"
61-->src\main\AndroidManifest.xml:31:13-163
62            android:hardwareAccelerated="true"
62-->src\main\AndroidManifest.xml:32:13-47
63            android:launchMode="singleTop"
63-->src\main\AndroidManifest.xml:33:13-43
64            android:theme="@style/LaunchTheme"
64-->src\main\AndroidManifest.xml:34:13-47
65            android:windowSoftInputMode="adjustResize" >
65-->src\main\AndroidManifest.xml:35:13-55
66
67            <!--
68                 Specifies an Android theme to apply to this Activity as soon as
69                 the Android process has started. This theme is visible to the user
70                 while the Flutter UI initializes. After that, this theme continues
71                 to determine the Window background behind the Flutter UI.
72            -->
73            <meta-data
73-->src\main\AndroidManifest.xml:40:13-42:57
74                android:name="io.flutter.embedding.android.NormalTheme"
74-->src\main\AndroidManifest.xml:41:17-72
75                android:resource="@style/NormalTheme" />
75-->src\main\AndroidManifest.xml:42:17-54
76            <!--
77                 Displays an Android View that continues showing the launch screen
78                 Drawable until Flutter paints its first frame, then this splash
79                 screen fades out. A splash screen is useful to avoid any visual
80                 gap between the end of Android's launch screen and the painting of
81                 Flutter's first frame.
82            -->
83            <meta-data
83-->src\main\AndroidManifest.xml:48:13-50:66
84                android:name="io.flutter.embedding.android.SplashScreenDrawable"
84-->src\main\AndroidManifest.xml:49:17-81
85                android:resource="@drawable/launch_background" />
85-->src\main\AndroidManifest.xml:50:17-63
86
87            <intent-filter>
87-->src\main\AndroidManifest.xml:51:13-54:29
88                <action android:name="android.intent.action.MAIN" />
88-->src\main\AndroidManifest.xml:52:17-69
88-->src\main\AndroidManifest.xml:52:25-66
89
90                <category android:name="android.intent.category.LAUNCHER" />
90-->src\main\AndroidManifest.xml:53:17-77
90-->src\main\AndroidManifest.xml:53:27-74
91            </intent-filter>
92        </activity>
93        <!--
94             Don't delete the meta-data below.
95             This is used by the Flutter tool to generate GeneratedPluginRegistrant.java
96        -->
97        <meta-data
97-->src\main\AndroidManifest.xml:58:9-60:33
98            android:name="flutterEmbedding"
98-->src\main\AndroidManifest.xml:59:13-44
99            android:value="2" />
99-->src\main\AndroidManifest.xml:60:13-30
100        <meta-data
100-->src\main\AndroidManifest.xml:61:9-63:71
101            android:name="com.google.android.geo.API_KEY"
101-->src\main\AndroidManifest.xml:62:13-58
102            android:value="AIzaSyCj7yNTVRIMNCJvPpj7Z30S1ByXkXoVucc" />
102-->src\main\AndroidManifest.xml:63:13-68
103
104        <service
104-->[:firebase_dynamic_links] AndroidManifest.xml:10:9-14:19
105            android:name="com.google.firebase.components.ComponentDiscoveryService"
105-->[:firebase_dynamic_links] AndroidManifest.xml:10:18-89
106            android:directBootAware="true"
106-->[com.google.firebase:firebase-common:20.0.0] AndroidManifest.xml:35:13-43
107            android:exported="false" >
107-->[com.google.firebase:firebase-messaging:22.0.0] AndroidManifest.xml:51:13-37
108            <meta-data
108-->[:firebase_dynamic_links] AndroidManifest.xml:11:13-13:85
109                android:name="com.google.firebase.components:io.flutter.plugins.firebasedynamiclinks.FlutterFirebaseAppRegistrar"
109-->[:firebase_dynamic_links] AndroidManifest.xml:12:17-130
110                android:value="com.google.firebase.components.ComponentRegistrar" />
110-->[:firebase_dynamic_links] AndroidManifest.xml:13:17-82
111            <meta-data
111-->[:firebase_auth] AndroidManifest.xml:9:13-11:85
112                android:name="com.google.firebase.components:io.flutter.plugins.firebase.auth.FlutterFirebaseAuthRegistrar"
112-->[:firebase_auth] AndroidManifest.xml:10:17-124
113                android:value="com.google.firebase.components.ComponentRegistrar" />
113-->[:firebase_auth] AndroidManifest.xml:11:17-82
114            <meta-data
114-->[:firebase_remote_config] AndroidManifest.xml:9:13-11:85
115                android:name="com.google.firebase.components:io.flutter.plugins.firebase.firebaseremoteconfig.FlutterFirebaseAppRegistrar"
115-->[:firebase_remote_config] AndroidManifest.xml:10:17-139
116                android:value="com.google.firebase.components.ComponentRegistrar" />
116-->[:firebase_remote_config] AndroidManifest.xml:11:17-82
117            <meta-data
117-->[:firebase_messaging] AndroidManifest.xml:34:13-36:85
118                android:name="com.google.firebase.components:io.flutter.plugins.firebase.messaging.FlutterFirebaseAppRegistrar"
118-->[:firebase_messaging] AndroidManifest.xml:35:17-128
119                android:value="com.google.firebase.components.ComponentRegistrar" />
119-->[:firebase_messaging] AndroidManifest.xml:36:17-82
120            <meta-data
120-->[:firebase_core] AndroidManifest.xml:9:13-11:85
121                android:name="com.google.firebase.components:io.flutter.plugins.firebase.core.FlutterFirebaseCoreRegistrar"
121-->[:firebase_core] AndroidManifest.xml:10:17-124
122                android:value="com.google.firebase.components.ComponentRegistrar" />
122-->[:firebase_core] AndroidManifest.xml:11:17-82
123            <meta-data
123-->[com.google.firebase:firebase-messaging:22.0.0] AndroidManifest.xml:52:13-54:85
124                android:name="com.google.firebase.components:com.google.firebase.messaging.FirebaseMessagingRegistrar"
124-->[com.google.firebase:firebase-messaging:22.0.0] AndroidManifest.xml:53:17-119
125                android:value="com.google.firebase.components.ComponentRegistrar" />
125-->[com.google.firebase:firebase-messaging:22.0.0] AndroidManifest.xml:54:17-82
126            <meta-data
126-->[com.google.firebase:firebase-datatransport:18.0.0] AndroidManifest.xml:28:13-30:85
127                android:name="com.google.firebase.components:com.google.firebase.datatransport.TransportRegistrar"
127-->[com.google.firebase:firebase-datatransport:18.0.0] AndroidManifest.xml:29:17-115
128                android:value="com.google.firebase.components.ComponentRegistrar" />
128-->[com.google.firebase:firebase-datatransport:18.0.0] AndroidManifest.xml:30:17-82
129            <meta-data
129-->[com.google.firebase:firebase-auth:21.0.1] AndroidManifest.xml:77:13-79:85
130                android:name="com.google.firebase.components:com.google.firebase.auth.FirebaseAuthRegistrar"
130-->[com.google.firebase:firebase-auth:21.0.1] AndroidManifest.xml:78:17-109
131                android:value="com.google.firebase.components.ComponentRegistrar" />
131-->[com.google.firebase:firebase-auth:21.0.1] AndroidManifest.xml:79:17-82
132            <meta-data
132-->[com.google.firebase:firebase-config:21.0.0] AndroidManifest.xml:32:13-34:85
133                android:name="com.google.firebase.components:com.google.firebase.remoteconfig.RemoteConfigRegistrar"
133-->[com.google.firebase:firebase-config:21.0.0] AndroidManifest.xml:33:17-117
134                android:value="com.google.firebase.components.ComponentRegistrar" />
134-->[com.google.firebase:firebase-config:21.0.0] AndroidManifest.xml:34:17-82
135            <meta-data
135-->[com.google.firebase:firebase-dynamic-links:20.1.0] AndroidManifest.xml:11:13-13:85
136                android:name="com.google.firebase.components:com.google.firebase.dynamiclinks.internal.FirebaseDynamicLinkRegistrar"
136-->[com.google.firebase:firebase-dynamic-links:20.1.0] AndroidManifest.xml:12:17-133
137                android:value="com.google.firebase.components.ComponentRegistrar" />
137-->[com.google.firebase:firebase-dynamic-links:20.1.0] AndroidManifest.xml:13:17-82
138            <meta-data
138-->[com.google.android.gms:play-services-measurement-api:19.0.0] AndroidManifest.xml:30:13-32:85
139                android:name="com.google.firebase.components:com.google.firebase.analytics.connector.internal.AnalyticsConnectorRegistrar"
139-->[com.google.android.gms:play-services-measurement-api:19.0.0] AndroidManifest.xml:31:17-139
140                android:value="com.google.firebase.components.ComponentRegistrar" />
140-->[com.google.android.gms:play-services-measurement-api:19.0.0] AndroidManifest.xml:32:17-82
141            <meta-data
141-->[com.google.firebase:firebase-abt:21.0.0] AndroidManifest.xml:13:13-15:85
142                android:name="com.google.firebase.components:com.google.firebase.abt.component.AbtRegistrar"
142-->[com.google.firebase:firebase-abt:21.0.0] AndroidManifest.xml:14:17-109
143                android:value="com.google.firebase.components.ComponentRegistrar" />
143-->[com.google.firebase:firebase-abt:21.0.0] AndroidManifest.xml:15:17-82
144            <meta-data
144-->[com.google.firebase:firebase-installations:17.0.0] AndroidManifest.xml:18:13-20:85
145                android:name="com.google.firebase.components:com.google.firebase.installations.FirebaseInstallationsRegistrar"
145-->[com.google.firebase:firebase-installations:17.0.0] AndroidManifest.xml:19:17-127
146                android:value="com.google.firebase.components.ComponentRegistrar" />
146-->[com.google.firebase:firebase-installations:17.0.0] AndroidManifest.xml:20:17-82
147        </service>
148        <service
148-->[:firebase_messaging] AndroidManifest.xml:12:9-15:72
149            android:name="io.flutter.plugins.firebase.messaging.FlutterFirebaseMessagingBackgroundService"
149-->[:firebase_messaging] AndroidManifest.xml:13:13-107
150            android:exported="false"
150-->[:firebase_messaging] AndroidManifest.xml:14:13-37
151            android:permission="android.permission.BIND_JOB_SERVICE" />
151-->[:firebase_messaging] AndroidManifest.xml:15:13-69
152        <service
152-->[:firebase_messaging] AndroidManifest.xml:16:9-22:19
153            android:name="io.flutter.plugins.firebase.messaging.FlutterFirebaseMessagingService"
153-->[:firebase_messaging] AndroidManifest.xml:17:13-97
154            android:exported="false" >
154-->[:firebase_messaging] AndroidManifest.xml:18:13-37
155            <intent-filter>
155-->[:firebase_messaging] AndroidManifest.xml:19:13-21:29
156                <action android:name="com.google.firebase.MESSAGING_EVENT" />
156-->[:firebase_messaging] AndroidManifest.xml:20:17-78
156-->[:firebase_messaging] AndroidManifest.xml:20:25-75
157            </intent-filter>
158        </service>
159
160        <receiver
160-->[:firebase_messaging] AndroidManifest.xml:24:9-31:20
161            android:name="io.flutter.plugins.firebase.messaging.FlutterFirebaseMessagingReceiver"
161-->[:firebase_messaging] AndroidManifest.xml:25:13-98
162            android:exported="true"
162-->[:firebase_messaging] AndroidManifest.xml:26:13-36
163            android:permission="com.google.android.c2dm.permission.SEND" >
163-->[:firebase_messaging] AndroidManifest.xml:27:13-73
164            <intent-filter>
164-->[:firebase_messaging] AndroidManifest.xml:28:13-30:29
165                <action android:name="com.google.android.c2dm.intent.RECEIVE" />
165-->[:firebase_messaging] AndroidManifest.xml:29:17-81
165-->[:firebase_messaging] AndroidManifest.xml:29:25-78
166            </intent-filter>
167        </receiver>
168
169        <provider
169-->[:firebase_messaging] AndroidManifest.xml:39:9-43:38
170            android:name="io.flutter.plugins.firebase.messaging.FlutterFirebaseMessagingInitProvider"
170-->[:firebase_messaging] AndroidManifest.xml:40:13-102
171            android:authorities="com.liveasy.transport.flutterfirebasemessaginginitprovider"
171-->[:firebase_messaging] AndroidManifest.xml:41:13-88
172            android:exported="false"
172-->[:firebase_messaging] AndroidManifest.xml:42:13-37
173            android:initOrder="99" />
173-->[:firebase_messaging] AndroidManifest.xml:43:13-35
174        <provider
174-->[:image_picker] AndroidManifest.xml:8:9-16:20
175            android:name="io.flutter.plugins.imagepicker.ImagePickerFileProvider"
175-->[:image_picker] AndroidManifest.xml:9:13-82
176            android:authorities="com.liveasy.transport.flutter.image_provider"
176-->[:image_picker] AndroidManifest.xml:10:13-74
177            android:exported="false"
177-->[:image_picker] AndroidManifest.xml:11:13-37
178            android:grantUriPermissions="true" >
178-->[:image_picker] AndroidManifest.xml:12:13-47
179            <meta-data
179-->[:image_picker] AndroidManifest.xml:13:13-15:75
180                android:name="android.support.FILE_PROVIDER_PATHS"
180-->[:image_picker] AndroidManifest.xml:14:17-67
181                android:resource="@xml/flutter_image_picker_file_paths" />
181-->[:image_picker] AndroidManifest.xml:15:17-72
182        </provider>
183        <provider
183-->[:wc_flutter_share] AndroidManifest.xml:8:9-16:20
184            android:name="com.wisecrab.wc_flutter_share.WcFlutterShareFileProvider"
184-->[:wc_flutter_share] AndroidManifest.xml:9:13-84
185            android:authorities="com.liveasy.transport.fileprovider.github.com/com/wisecrab/wc-flutter-share"
185-->[:wc_flutter_share] AndroidManifest.xml:10:13-105
186            android:exported="false"
186-->[:wc_flutter_share] AndroidManifest.xml:11:13-37
187            android:grantUriPermissions="true" >
187-->[:wc_flutter_share] AndroidManifest.xml:12:13-47
188            <meta-data
188-->[:image_picker] AndroidManifest.xml:13:13-15:75
189                android:name="android.support.FILE_PROVIDER_PATHS"
189-->[:image_picker] AndroidManifest.xml:14:17-67
190                android:resource="@xml/wc_flutter_share_filepaths" />
190-->[:image_picker] AndroidManifest.xml:15:17-72
191        </provider>
192
193        <activity
193-->[:url_launcher] AndroidManifest.xml:8:9-11:74
194            android:name="io.flutter.plugins.urllauncher.WebViewActivity"
194-->[:url_launcher] AndroidManifest.xml:9:13-74
195            android:exported="false"
195-->[:url_launcher] AndroidManifest.xml:10:13-37
196            android:theme="@android:style/Theme.NoTitleBar.Fullscreen" />
196-->[:url_launcher] AndroidManifest.xml:11:13-71
197
198        <receiver
198-->[com.google.firebase:firebase-messaging:22.0.0] AndroidManifest.xml:28:9-35:20
199            android:name="com.google.firebase.iid.FirebaseInstanceIdReceiver"
199-->[com.google.firebase:firebase-messaging:22.0.0] AndroidManifest.xml:29:13-78
200            android:exported="true"
200-->[com.google.firebase:firebase-messaging:22.0.0] AndroidManifest.xml:30:13-36
201            android:permission="com.google.android.c2dm.permission.SEND" >
201-->[com.google.firebase:firebase-messaging:22.0.0] AndroidManifest.xml:31:13-73
202            <intent-filter>
202-->[:firebase_messaging] AndroidManifest.xml:28:13-30:29
203                <action android:name="com.google.android.c2dm.intent.RECEIVE" />
203-->[:firebase_messaging] AndroidManifest.xml:29:17-81
203-->[:firebase_messaging] AndroidManifest.xml:29:25-78
204            </intent-filter>
205        </receiver>
206        <!--
207             FirebaseMessagingService performs security checks at runtime,
208             but set to not exported to explicitly avoid allowing another app to call it.
209        -->
210        <service
210-->[com.google.firebase:firebase-messaging:22.0.0] AndroidManifest.xml:41:9-48:19
211            android:name="com.google.firebase.messaging.FirebaseMessagingService"
211-->[com.google.firebase:firebase-messaging:22.0.0] AndroidManifest.xml:42:13-82
212            android:directBootAware="true"
212-->[com.google.firebase:firebase-messaging:22.0.0] AndroidManifest.xml:43:13-43
213            android:exported="false" >
213-->[com.google.firebase:firebase-messaging:22.0.0] AndroidManifest.xml:44:13-37
214            <intent-filter android:priority="-500" >
214-->[:firebase_messaging] AndroidManifest.xml:19:13-21:29
215                <action android:name="com.google.firebase.MESSAGING_EVENT" />
215-->[:firebase_messaging] AndroidManifest.xml:20:17-78
215-->[:firebase_messaging] AndroidManifest.xml:20:25-75
216            </intent-filter>
217        </service>
218        <service
218-->[com.google.android.datatransport:transport-backend-cct:3.0.0] AndroidManifest.xml:29:9-35:19
219            android:name="com.google.android.datatransport.runtime.backends.TransportBackendDiscovery"
219-->[com.google.android.datatransport:transport-backend-cct:3.0.0] AndroidManifest.xml:30:13-103
220            android:exported="false" >
220-->[com.google.android.datatransport:transport-backend-cct:3.0.0] AndroidManifest.xml:31:13-37
221            <meta-data
221-->[com.google.android.datatransport:transport-backend-cct:3.0.0] AndroidManifest.xml:32:13-34:39
222                android:name="backend:com.google.android.datatransport.cct.CctBackendFactory"
222-->[com.google.android.datatransport:transport-backend-cct:3.0.0] AndroidManifest.xml:33:17-94
223                android:value="cct" />
223-->[com.google.android.datatransport:transport-backend-cct:3.0.0] AndroidManifest.xml:34:17-36
224        </service>
225
226        <activity
226-->[com.google.firebase:firebase-auth:21.0.1] AndroidManifest.xml:27:9-44:20
227            android:name="com.google.firebase.auth.internal.GenericIdpActivity"
227-->[com.google.firebase:firebase-auth:21.0.1] AndroidManifest.xml:28:13-80
228            android:excludeFromRecents="true"
228-->[com.google.firebase:firebase-auth:21.0.1] AndroidManifest.xml:29:13-46
229            android:exported="true"
229-->[com.google.firebase:firebase-auth:21.0.1] AndroidManifest.xml:30:13-36
230            android:launchMode="singleTask"
230-->[com.google.firebase:firebase-auth:21.0.1] AndroidManifest.xml:31:13-44
231            android:theme="@android:style/Theme.Translucent.NoTitleBar" >
231-->[com.google.firebase:firebase-auth:21.0.1] AndroidManifest.xml:32:13-72
232            <intent-filter>
232-->[com.google.firebase:firebase-auth:21.0.1] AndroidManifest.xml:33:13-43:29
233                <action android:name="android.intent.action.VIEW" />
233-->[:contacts_service] AndroidManifest.xml:17:13-65
233-->[:contacts_service] AndroidManifest.xml:17:21-62
234
235                <category android:name="android.intent.category.DEFAULT" />
235-->[com.google.firebase:firebase-auth:21.0.1] AndroidManifest.xml:36:17-76
235-->[com.google.firebase:firebase-auth:21.0.1] AndroidManifest.xml:36:27-73
236                <category android:name="android.intent.category.BROWSABLE" />
236-->[com.google.firebase:firebase-auth:21.0.1] AndroidManifest.xml:37:17-78
236-->[com.google.firebase:firebase-auth:21.0.1] AndroidManifest.xml:37:27-75
237
238                <data
238-->[:contacts_service] AndroidManifest.xml:19:13-22:44
239                    android:host="firebase.auth"
239-->[:contacts_service] AndroidManifest.xml:20:17-52
240                    android:path="/"
241                    android:scheme="genericidp" />
241-->[:contacts_service] AndroidManifest.xml:22:17-41
242            </intent-filter>
243        </activity>
244        <activity
244-->[com.google.firebase:firebase-auth:21.0.1] AndroidManifest.xml:45:9-62:20
245            android:name="com.google.firebase.auth.internal.RecaptchaActivity"
245-->[com.google.firebase:firebase-auth:21.0.1] AndroidManifest.xml:46:13-79
246            android:excludeFromRecents="true"
246-->[com.google.firebase:firebase-auth:21.0.1] AndroidManifest.xml:47:13-46
247            android:exported="true"
247-->[com.google.firebase:firebase-auth:21.0.1] AndroidManifest.xml:48:13-36
248            android:launchMode="singleTask"
248-->[com.google.firebase:firebase-auth:21.0.1] AndroidManifest.xml:49:13-44
249            android:theme="@android:style/Theme.Translucent.NoTitleBar" >
249-->[com.google.firebase:firebase-auth:21.0.1] AndroidManifest.xml:50:13-72
250            <intent-filter>
250-->[com.google.firebase:firebase-auth:21.0.1] AndroidManifest.xml:51:13-61:29
251                <action android:name="android.intent.action.VIEW" />
251-->[:contacts_service] AndroidManifest.xml:17:13-65
251-->[:contacts_service] AndroidManifest.xml:17:21-62
252
253                <category android:name="android.intent.category.DEFAULT" />
253-->[com.google.firebase:firebase-auth:21.0.1] AndroidManifest.xml:36:17-76
253-->[com.google.firebase:firebase-auth:21.0.1] AndroidManifest.xml:36:27-73
254                <category android:name="android.intent.category.BROWSABLE" />
254-->[com.google.firebase:firebase-auth:21.0.1] AndroidManifest.xml:37:17-78
254-->[com.google.firebase:firebase-auth:21.0.1] AndroidManifest.xml:37:27-75
255
256                <data
256-->[:contacts_service] AndroidManifest.xml:19:13-22:44
257                    android:host="firebase.auth"
257-->[:contacts_service] AndroidManifest.xml:20:17-52
258                    android:path="/"
259                    android:scheme="recaptcha" />
259-->[:contacts_service] AndroidManifest.xml:22:17-41
260            </intent-filter>
261        </activity>
262
263        <service
263-->[com.google.firebase:firebase-auth:21.0.1] AndroidManifest.xml:64:9-73:19
264            android:name="com.google.firebase.auth.api.fallback.service.FirebaseAuthFallbackService"
264-->[com.google.firebase:firebase-auth:21.0.1] AndroidManifest.xml:65:13-101
265            android:enabled="true"
265-->[com.google.firebase:firebase-auth:21.0.1] AndroidManifest.xml:66:13-35
266            android:exported="false" >
266-->[com.google.firebase:firebase-auth:21.0.1] AndroidManifest.xml:67:13-37
267            <intent-filter>
267-->[com.google.firebase:firebase-auth:21.0.1] AndroidManifest.xml:68:13-72:29
268                <action android:name="com.google.firebase.auth.api.gms.service.START" />
268-->[com.google.firebase:firebase-auth:21.0.1] AndroidManifest.xml:69:17-89
268-->[com.google.firebase:firebase-auth:21.0.1] AndroidManifest.xml:69:25-86
269
270                <category android:name="android.intent.category.DEFAULT" />
270-->[com.google.firebase:firebase-auth:21.0.1] AndroidManifest.xml:36:17-76
270-->[com.google.firebase:firebase-auth:21.0.1] AndroidManifest.xml:36:27-73
271            </intent-filter>
272        </service>
273
274        <provider
274-->[com.google.firebase:firebase-common:20.0.0] AndroidManifest.xml:26:9-31:39
275            android:name="com.google.firebase.provider.FirebaseInitProvider"
275-->[com.google.firebase:firebase-common:20.0.0] AndroidManifest.xml:27:13-77
276            android:authorities="com.liveasy.transport.firebaseinitprovider"
276-->[com.google.firebase:firebase-common:20.0.0] AndroidManifest.xml:28:13-72
277            android:directBootAware="true"
277-->[com.google.firebase:firebase-common:20.0.0] AndroidManifest.xml:29:13-43
278            android:exported="false"
278-->[com.google.firebase:firebase-common:20.0.0] AndroidManifest.xml:30:13-37
279            android:initOrder="100" />
279-->[com.google.firebase:firebase-common:20.0.0] AndroidManifest.xml:31:13-36
280
281        <receiver
281-->[com.google.android.gms:play-services-measurement:19.0.0] AndroidManifest.xml:29:9-33:20
282            android:name="com.google.android.gms.measurement.AppMeasurementReceiver"
282-->[com.google.android.gms:play-services-measurement:19.0.0] AndroidManifest.xml:30:13-85
283            android:enabled="true"
283-->[com.google.android.gms:play-services-measurement:19.0.0] AndroidManifest.xml:31:13-35
284            android:exported="false" >
284-->[com.google.android.gms:play-services-measurement:19.0.0] AndroidManifest.xml:32:13-37
285        </receiver>
286
287        <service
287-->[com.google.android.gms:play-services-measurement:19.0.0] AndroidManifest.xml:35:9-38:40
288            android:name="com.google.android.gms.measurement.AppMeasurementService"
288-->[com.google.android.gms:play-services-measurement:19.0.0] AndroidManifest.xml:36:13-84
289            android:enabled="true"
289-->[com.google.android.gms:play-services-measurement:19.0.0] AndroidManifest.xml:37:13-35
290            android:exported="false" />
290-->[com.google.android.gms:play-services-measurement:19.0.0] AndroidManifest.xml:38:13-37
291        <service
291-->[com.google.android.gms:play-services-measurement:19.0.0] AndroidManifest.xml:39:9-43:72
292            android:name="com.google.android.gms.measurement.AppMeasurementJobService"
292-->[com.google.android.gms:play-services-measurement:19.0.0] AndroidManifest.xml:40:13-87
293            android:enabled="true"